CRITICAL - 2024-05-03 02:59:24 --> ErrorException: Undefined variable $menu
in APPPATH\Views\template\common\menu.php on line 50.
 1 APPPATH\Views\template\common\menu.php(50): CodeIgniter\Debug\Exceptions->errorHandler(2, 'Undefined variable $menu', 'C:\\Xampp\\htdocs\\BentoGa\\web\\ci4\\app\\Views\\template\\common\\menu.php', 50)
 2 SYSTEMPATH\View\View.php(228): include('C:\\Xampp\\htdocs\\BentoGa\\web\\ci4\\app\\Views\\template\\common\\menu.php')
 3 SYSTEMPATH\View\View.php(231): CodeIgniter\View\View->CodeIgniter\View\{closure}()
 4 SYSTEMPATH\View\View.php(469): CodeIgniter\View\View->render('template/common/menu', null, true)
 5 APPPATH\Views\welcome_message.php(5): CodeIgniter\View\View->include('template/common/menu')
 6 SYSTEMPATH\View\View.php(228): include('C:\\Xampp\\htdocs\\BentoGa\\web\\ci4\\app\\Views\\welcome_message.php')
 7 SYSTEMPATH\View\View.php(231): CodeIgniter\View\View->CodeIgniter\View\{closure}()
 8 SYSTEMPATH\Common.php(1178): CodeIgniter\View\View->render('welcome_message', [], true)
 9 APPPATH\Controllers\Home.php(9): view('welcome_message')
10 SYSTEMPATH\CodeIgniter.php(941): App\Controllers\Home->index()
11 SYSTEMPATH\CodeIgniter.php(502): CodeIgniter\CodeIgniter->runController(Object(App\Controllers\Home))
12 SYSTEMPATH\CodeIgniter.php(361): CodeIgniter\CodeIgniter->handleRequest(null, Object(Config\Cache), false)
13 FCPATH\index.php(79): CodeIgniter\CodeIgniter->run()
14 SYSTEMPATH\Commands\Server\rewrite.php(47): require_once('C:\\Xampp\\htdocs\\BentoGa\\web\\ci4\\public\\index.php')
CRITICAL - 2024-05-03 03:14:16 --> ErrorException: Undefined variable $menu
in APPPATH\Views\template\common\menu.php on line 50.
 1 APPPATH\Views\template\common\menu.php(50): CodeIgniter\Debug\Exceptions->errorHandler(2, 'Undefined variable $menu', 'C:\\Xampp\\htdocs\\BentoGa\\web\\ci4\\app\\Views\\template\\common\\menu.php', 50)
 2 SYSTEMPATH\View\View.php(228): include('C:\\Xampp\\htdocs\\BentoGa\\web\\ci4\\app\\Views\\template\\common\\menu.php')
 3 SYSTEMPATH\View\View.php(231): CodeIgniter\View\View->CodeIgniter\View\{closure}()
 4 SYSTEMPATH\View\View.php(469): CodeIgniter\View\View->render('template/common/menu', null, true)
 5 APPPATH\Views\welcome_message.php(5): CodeIgniter\View\View->include('template/common/menu')
 6 SYSTEMPATH\View\View.php(228): include('C:\\Xampp\\htdocs\\BentoGa\\web\\ci4\\app\\Views\\welcome_message.php')
 7 SYSTEMPATH\View\View.php(231): CodeIgniter\View\View->CodeIgniter\View\{closure}()
 8 SYSTEMPATH\Common.php(1178): CodeIgniter\View\View->render('welcome_message', [], true)
 9 APPPATH\Controllers\Home.php(9): view('welcome_message')
10 SYSTEMPATH\CodeIgniter.php(941): App\Controllers\Home->index()
11 SYSTEMPATH\CodeIgniter.php(502): CodeIgniter\CodeIgniter->runController(Object(App\Controllers\Home))
12 SYSTEMPATH\CodeIgniter.php(361): CodeIgniter\CodeIgniter->handleRequest(null, Object(Config\Cache), false)
13 FCPATH\index.php(79): CodeIgniter\CodeIgniter->run()
14 SYSTEMPATH\Commands\Server\rewrite.php(47): require_once('C:\\Xampp\\htdocs\\BentoGa\\web\\ci4\\public\\index.php')
CRITICAL - 2024-05-03 03:15:33 --> CodeIgniter\View\Exceptions\ViewException: Invalid file: "template/common/menu.php"
in SYSTEMPATH\Exceptions\FrameworkException.php on line 39.
 1 SYSTEMPATH\View\View.php(216): CodeIgniter\Exceptions\FrameworkException::forInvalidFile('template/common/menu.php')
 2 SYSTEMPATH\View\View.php(469): CodeIgniter\View\View->render('template/common/menu', null, true)
 3 APPPATH\Views\welcome_message.php(5): CodeIgniter\View\View->include('template/common/menu')
 4 SYSTEMPATH\View\View.php(228): include('C:\\Xampp\\htdocs\\BentoGa\\web\\ci4\\app\\Views\\welcome_message.php')
 5 SYSTEMPATH\View\View.php(231): CodeIgniter\View\View->CodeIgniter\View\{closure}()
 6 SYSTEMPATH\Common.php(1178): CodeIgniter\View\View->render('welcome_message', [], true)
 7 APPPATH\Controllers\Home.php(9): view('welcome_message')
 8 SYSTEMPATH\CodeIgniter.php(941): App\Controllers\Home->index()
 9 SYSTEMPATH\CodeIgniter.php(502): CodeIgniter\CodeIgniter->runController(Object(App\Controllers\Home))
10 SYSTEMPATH\CodeIgniter.php(361): CodeIgniter\CodeIgniter->handleRequest(null, Object(Config\Cache), false)
11 FCPATH\index.php(79): CodeIgniter\CodeIgniter->run()
12 SYSTEMPATH\Commands\Server\rewrite.php(47): require_once('C:\\Xampp\\htdocs\\BentoGa\\web\\ci4\\public\\index.php')
CRITICAL - 2024-05-03 03:16:09 --> ErrorException: Undefined variable $menu
in APPPATH\Views\menu\menu.php on line 50.
 1 APPPATH\Views\menu\menu.php(50): CodeIgniter\Debug\Exceptions->errorHandler(2, 'Undefined variable $menu', 'C:\\Xampp\\htdocs\\BentoGa\\web\\ci4\\app\\Views\\menu\\menu.php', 50)
 2 SYSTEMPATH\View\View.php(228): include('C:\\Xampp\\htdocs\\BentoGa\\web\\ci4\\app\\Views\\menu\\menu.php')
 3 SYSTEMPATH\View\View.php(231): CodeIgniter\View\View->CodeIgniter\View\{closure}()
 4 SYSTEMPATH\View\View.php(469): CodeIgniter\View\View->render('menu/menu', null, true)
 5 APPPATH\Views\welcome_message.php(5): CodeIgniter\View\View->include('menu/menu')
 6 SYSTEMPATH\View\View.php(228): include('C:\\Xampp\\htdocs\\BentoGa\\web\\ci4\\app\\Views\\welcome_message.php')
 7 SYSTEMPATH\View\View.php(231): CodeIgniter\View\View->CodeIgniter\View\{closure}()
 8 SYSTEMPATH\Common.php(1178): CodeIgniter\View\View->render('welcome_message', [], true)
 9 APPPATH\Controllers\Home.php(9): view('welcome_message')
10 SYSTEMPATH\CodeIgniter.php(941): App\Controllers\Home->index()
11 SYSTEMPATH\CodeIgniter.php(502): CodeIgniter\CodeIgniter->runController(Object(App\Controllers\Home))
12 SYSTEMPATH\CodeIgniter.php(361): CodeIgniter\CodeIgniter->handleRequest(null, Object(Config\Cache), false)
13 FCPATH\index.php(79): CodeIgniter\CodeIgniter->run()
14 SYSTEMPATH\Commands\Server\rewrite.php(47): require_once('C:\\Xampp\\htdocs\\BentoGa\\web\\ci4\\public\\index.php')
INFO - 2024-05-03 03:44:29 --> Session: Class initialized using 'CodeIgniter\Session\Handlers\FileHandler' driver.
INFO - 2024-05-03 03:44:38 --> Session: Class initialized using 'CodeIgniter\Session\Handlers\FileHandler' driver.
INFO - 2024-05-03 03:44:39 --> Session: Class initialized using 'CodeIgniter\Session\Handlers\FileHandler' driver.
CRITICAL - 2024-05-03 03:44:39 --> CodeIgniter\View\Exceptions\ViewException: Invalid file: "template/common/menu.php"
in SYSTEMPATH\Exceptions\FrameworkException.php on line 39.
 1 SYSTEMPATH\View\View.php(216): CodeIgniter\Exceptions\FrameworkException::forInvalidFile('template/common/menu.php')
 2 SYSTEMPATH\View\View.php(469): CodeIgniter\View\View->render('template/common/menu', null, true)
 3 APPPATH\Views\template\common\dashboard.php(36): CodeIgniter\View\View->include('template/common/menu')
 4 SYSTEMPATH\View\View.php(228): include('C:\\Xampp\\htdocs\\BentoGa\\web\\ci4\\app\\Views\\template\\common\\dashboard.php')
 5 SYSTEMPATH\View\View.php(231): CodeIgniter\View\View->CodeIgniter\View\{closure}()
 6 SYSTEMPATH\Common.php(1178): CodeIgniter\View\View->render('template/common/dashboard', [], true)
 7 APPPATH\Controllers\User.php(53): view('template/common/dashboard')
 8 SYSTEMPATH\CodeIgniter.php(941): App\Controllers\User->dashboard()
 9 SYSTEMPATH\CodeIgniter.php(502): CodeIgniter\CodeIgniter->runController(Object(App\Controllers\User))
10 SYSTEMPATH\CodeIgniter.php(361): CodeIgniter\CodeIgniter->handleRequest(null, Object(Config\Cache), false)
11 FCPATH\index.php(79): CodeIgniter\CodeIgniter->run()
12 SYSTEMPATH\Commands\Server\rewrite.php(47): require_once('C:\\Xampp\\htdocs\\BentoGa\\web\\ci4\\public\\index.php')
INFO - 2024-05-03 03:45:48 --> Session: Class initialized using 'CodeIgniter\Session\Handlers\FileHandler' driver.
INFO - 2024-05-03 03:45:52 --> Session: Class initialized using 'CodeIgniter\Session\Handlers\FileHandler' driver.
CRITICAL - 2024-05-03 10:10:48 --> ErrorException: Undefined variable $title
in APPPATH\Views\menu\menu.php on line 48.
 1 APPPATH\Views\menu\menu.php(48): CodeIgniter\Debug\Exceptions->errorHandler(2, 'Undefined variable $title', 'C:\\Xampp\\htdocs\\BentoGa\\web\\ci4\\app\\Views\\menu\\menu.php', 48)
 2 SYSTEMPATH\View\View.php(228): include('C:\\Xampp\\htdocs\\BentoGa\\web\\ci4\\app\\Views\\menu\\menu.php')
 3 SYSTEMPATH\View\View.php(231): CodeIgniter\View\View->CodeIgniter\View\{closure}()
 4 SYSTEMPATH\View\View.php(469): CodeIgniter\View\View->render('menu/menu', null, true)
 5 APPPATH\Views\welcome_message.php(5): CodeIgniter\View\View->include('menu/menu')
 6 SYSTEMPATH\View\View.php(228): include('C:\\Xampp\\htdocs\\BentoGa\\web\\ci4\\app\\Views\\welcome_message.php')
 7 SYSTEMPATH\View\View.php(231): CodeIgniter\View\View->CodeIgniter\View\{closure}()
 8 SYSTEMPATH\Common.php(1178): CodeIgniter\View\View->render('welcome_message', [], true)
 9 APPPATH\Controllers\Home.php(9): view('welcome_message')
10 SYSTEMPATH\CodeIgniter.php(941): App\Controllers\Home->index()
11 SYSTEMPATH\CodeIgniter.php(502): CodeIgniter\CodeIgniter->runController(Object(App\Controllers\Home))
12 SYSTEMPATH\CodeIgniter.php(361): CodeIgniter\CodeIgniter->handleRequest(null, Object(Config\Cache), false)
13 FCPATH\index.php(79): CodeIgniter\CodeIgniter->run()
14 SYSTEMPATH\Commands\Server\rewrite.php(47): require_once('C:\\Xampp\\htdocs\\BentoGa\\web\\ci4\\public\\index.php')
CRITICAL - 2024-05-03 10:15:28 --> ErrorException: Undefined variable $title
in APPPATH\Views\menu\menu.php on line 48.
 1 APPPATH\Views\menu\menu.php(48): CodeIgniter\Debug\Exceptions->errorHandler(2, 'Undefined variable $title', 'C:\\Xampp\\htdocs\\BentoGa\\web\\ci4\\app\\Views\\menu\\menu.php', 48)
 2 SYSTEMPATH\View\View.php(228): include('C:\\Xampp\\htdocs\\BentoGa\\web\\ci4\\app\\Views\\menu\\menu.php')
 3 SYSTEMPATH\View\View.php(231): CodeIgniter\View\View->CodeIgniter\View\{closure}()
 4 SYSTEMPATH\View\View.php(469): CodeIgniter\View\View->render('menu/menu', null, true)
 5 APPPATH\Views\welcome_message.php(5): CodeIgniter\View\View->include('menu/menu')
 6 SYSTEMPATH\View\View.php(228): include('C:\\Xampp\\htdocs\\BentoGa\\web\\ci4\\app\\Views\\welcome_message.php')
 7 SYSTEMPATH\View\View.php(231): CodeIgniter\View\View->CodeIgniter\View\{closure}()
 8 SYSTEMPATH\Common.php(1178): CodeIgniter\View\View->render('welcome_message', [], true)
 9 APPPATH\Controllers\Home.php(9): view('welcome_message')
10 SYSTEMPATH\CodeIgniter.php(941): App\Controllers\Home->index()
11 SYSTEMPATH\CodeIgniter.php(502): CodeIgniter\CodeIgniter->runController(Object(App\Controllers\Home))
12 SYSTEMPATH\CodeIgniter.php(361): CodeIgniter\CodeIgniter->handleRequest(null, Object(Config\Cache), false)
13 FCPATH\index.php(79): CodeIgniter\CodeIgniter->run()
14 SYSTEMPATH\Commands\Server\rewrite.php(47): require_once('C:\\Xampp\\htdocs\\BentoGa\\web\\ci4\\public\\index.php')
CRITICAL - 2024-05-03 10:17:26 --> ErrorException: Undefined variable $title
in APPPATH\Views\menu\menu.php on line 48.
 1 APPPATH\Views\menu\menu.php(48): CodeIgniter\Debug\Exceptions->errorHandler(2, 'Undefined variable $title', 'C:\\Xampp\\htdocs\\BentoGa\\web\\ci4\\app\\Views\\menu\\menu.php', 48)
 2 SYSTEMPATH\View\View.php(228): include('C:\\Xampp\\htdocs\\BentoGa\\web\\ci4\\app\\Views\\menu\\menu.php')
 3 SYSTEMPATH\View\View.php(231): CodeIgniter\View\View->CodeIgniter\View\{closure}()
 4 SYSTEMPATH\View\View.php(469): CodeIgniter\View\View->render('menu/menu', null, true)
 5 APPPATH\Views\welcome_message.php(5): CodeIgniter\View\View->include('menu/menu')
 6 SYSTEMPATH\View\View.php(228): include('C:\\Xampp\\htdocs\\BentoGa\\web\\ci4\\app\\Views\\welcome_message.php')
 7 SYSTEMPATH\View\View.php(231): CodeIgniter\View\View->CodeIgniter\View\{closure}()
 8 SYSTEMPATH\Common.php(1178): CodeIgniter\View\View->render('welcome_message', [], true)
 9 APPPATH\Controllers\Home.php(9): view('welcome_message')
10 SYSTEMPATH\CodeIgniter.php(941): App\Controllers\Home->index()
11 SYSTEMPATH\CodeIgniter.php(502): CodeIgniter\CodeIgniter->runController(Object(App\Controllers\Home))
12 SYSTEMPATH\CodeIgniter.php(361): CodeIgniter\CodeIgniter->handleRequest(null, Object(Config\Cache), false)
13 FCPATH\index.php(79): CodeIgniter\CodeIgniter->run()
14 SYSTEMPATH\Commands\Server\rewrite.php(47): require_once('C:\\Xampp\\htdocs\\BentoGa\\web\\ci4\\public\\index.php')
CRITICAL - 2024-05-03 11:03:08 --> ErrorException: Undefined variable $menu
in APPPATH\Views\menu\menu.php on line 50.
 1 APPPATH\Views\menu\menu.php(50): CodeIgniter\Debug\Exceptions->errorHandler(2, 'Undefined variable $menu', 'C:\\Xampp\\htdocs\\BentoGa\\web\\ci4\\app\\Views\\menu\\menu.php', 50)
 2 SYSTEMPATH\View\View.php(228): include('C:\\Xampp\\htdocs\\BentoGa\\web\\ci4\\app\\Views\\menu\\menu.php')
 3 SYSTEMPATH\View\View.php(231): CodeIgniter\View\View->CodeIgniter\View\{closure}()
 4 SYSTEMPATH\View\View.php(469): CodeIgniter\View\View->render('menu/menu', null, true)
 5 APPPATH\Views\welcome_message.php(5): CodeIgniter\View\View->include('menu/menu')
 6 SYSTEMPATH\View\View.php(228): include('C:\\Xampp\\htdocs\\BentoGa\\web\\ci4\\app\\Views\\welcome_message.php')
 7 SYSTEMPATH\View\View.php(231): CodeIgniter\View\View->CodeIgniter\View\{closure}()
 8 SYSTEMPATH\Common.php(1178): CodeIgniter\View\View->render('welcome_message', [], true)
 9 APPPATH\Controllers\Home.php(9): view('welcome_message')
10 SYSTEMPATH\CodeIgniter.php(941): App\Controllers\Home->index()
11 SYSTEMPATH\CodeIgniter.php(502): CodeIgniter\CodeIgniter->runController(Object(App\Controllers\Home))
12 SYSTEMPATH\CodeIgniter.php(361): CodeIgniter\CodeIgniter->handleRequest(null, Object(Config\Cache), false)
13 FCPATH\index.php(79): CodeIgniter\CodeIgniter->run()
14 SYSTEMPATH\Commands\Server\rewrite.php(47): require_once('C:\\Xampp\\htdocs\\BentoGa\\web\\ci4\\public\\index.php')
CRITICAL - 2024-05-03 11:03:39 --> ErrorException: Undefined variable $menu
in APPPATH\Views\menu\menu.php on line 50.
 1 APPPATH\Views\menu\menu.php(50): CodeIgniter\Debug\Exceptions->errorHandler(2, 'Undefined variable $menu', 'C:\\Xampp\\htdocs\\BentoGa\\web\\ci4\\app\\Views\\menu\\menu.php', 50)
 2 SYSTEMPATH\View\View.php(228): include('C:\\Xampp\\htdocs\\BentoGa\\web\\ci4\\app\\Views\\menu\\menu.php')
 3 SYSTEMPATH\View\View.php(231): CodeIgniter\View\View->CodeIgniter\View\{closure}()
 4 SYSTEMPATH\View\View.php(469): CodeIgniter\View\View->render('menu/menu', null, true)
 5 APPPATH\Views\welcome_message.php(5): CodeIgniter\View\View->include('menu/menu')
 6 SYSTEMPATH\View\View.php(228): include('C:\\Xampp\\htdocs\\BentoGa\\web\\ci4\\app\\Views\\welcome_message.php')
 7 SYSTEMPATH\View\View.php(231): CodeIgniter\View\View->CodeIgniter\View\{closure}()
 8 SYSTEMPATH\Common.php(1178): CodeIgniter\View\View->render('welcome_message', [], true)
 9 APPPATH\Controllers\Home.php(9): view('welcome_message')
10 SYSTEMPATH\CodeIgniter.php(941): App\Controllers\Home->index()
11 SYSTEMPATH\CodeIgniter.php(502): CodeIgniter\CodeIgniter->runController(Object(App\Controllers\Home))
12 SYSTEMPATH\CodeIgniter.php(361): CodeIgniter\CodeIgniter->handleRequest(null, Object(Config\Cache), false)
13 FCPATH\index.php(79): CodeIgniter\CodeIgniter->run()
14 SYSTEMPATH\Commands\Server\rewrite.php(47): require_once('C:\\Xampp\\htdocs\\BentoGa\\web\\ci4\\public\\index.php')
CRITICAL - 2024-05-03 11:09:38 --> ErrorException: Undefined variable $menu
in APPPATH\Views\menu\menu.php on line 50.
 1 APPPATH\Views\menu\menu.php(50): CodeIgniter\Debug\Exceptions->errorHandler(2, 'Undefined variable $menu', 'C:\\Xampp\\htdocs\\BentoGa\\web\\ci4\\app\\Views\\menu\\menu.php', 50)
 2 SYSTEMPATH\View\View.php(228): include('C:\\Xampp\\htdocs\\BentoGa\\web\\ci4\\app\\Views\\menu\\menu.php')
 3 SYSTEMPATH\View\View.php(231): CodeIgniter\View\View->CodeIgniter\View\{closure}()
 4 SYSTEMPATH\View\View.php(469): CodeIgniter\View\View->render('menu/menu', null, true)
 5 APPPATH\Views\welcome_message.php(5): CodeIgniter\View\View->include('menu/menu')
 6 SYSTEMPATH\View\View.php(228): include('C:\\Xampp\\htdocs\\BentoGa\\web\\ci4\\app\\Views\\welcome_message.php')
 7 SYSTEMPATH\View\View.php(231): CodeIgniter\View\View->CodeIgniter\View\{closure}()
 8 SYSTEMPATH\Common.php(1178): CodeIgniter\View\View->render('welcome_message', [], true)
 9 APPPATH\Controllers\Home.php(9): view('welcome_message')
10 SYSTEMPATH\CodeIgniter.php(941): App\Controllers\Home->index()
11 SYSTEMPATH\CodeIgniter.php(502): CodeIgniter\CodeIgniter->runController(Object(App\Controllers\Home))
12 SYSTEMPATH\CodeIgniter.php(361): CodeIgniter\CodeIgniter->handleRequest(null, Object(Config\Cache), false)
13 FCPATH\index.php(79): CodeIgniter\CodeIgniter->run()
14 SYSTEMPATH\Commands\Server\rewrite.php(47): require_once('C:\\Xampp\\htdocs\\BentoGa\\web\\ci4\\public\\index.php')
CRITICAL - 2024-05-03 11:09:45 --> ErrorException: Undefined variable $menu
in APPPATH\Views\menu\menu.php on line 50.
 1 APPPATH\Views\menu\menu.php(50): CodeIgniter\Debug\Exceptions->errorHandler(2, 'Undefined variable $menu', 'C:\\Xampp\\htdocs\\BentoGa\\web\\ci4\\app\\Views\\menu\\menu.php', 50)
 2 SYSTEMPATH\View\View.php(228): include('C:\\Xampp\\htdocs\\BentoGa\\web\\ci4\\app\\Views\\menu\\menu.php')
 3 SYSTEMPATH\View\View.php(231): CodeIgniter\View\View->CodeIgniter\View\{closure}()
 4 SYSTEMPATH\View\View.php(469): CodeIgniter\View\View->render('menu/menu', null, true)
 5 APPPATH\Views\welcome_message.php(5): CodeIgniter\View\View->include('menu/menu')
 6 SYSTEMPATH\View\View.php(228): include('C:\\Xampp\\htdocs\\BentoGa\\web\\ci4\\app\\Views\\welcome_message.php')
 7 SYSTEMPATH\View\View.php(231): CodeIgniter\View\View->CodeIgniter\View\{closure}()
 8 SYSTEMPATH\Common.php(1178): CodeIgniter\View\View->render('welcome_message', [], true)
 9 APPPATH\Controllers\Home.php(9): view('welcome_message')
10 SYSTEMPATH\CodeIgniter.php(941): App\Controllers\Home->index()
11 SYSTEMPATH\CodeIgniter.php(502): CodeIgniter\CodeIgniter->runController(Object(App\Controllers\Home))
12 SYSTEMPATH\CodeIgniter.php(361): CodeIgniter\CodeIgniter->handleRequest(null, Object(Config\Cache), false)
13 FCPATH\index.php(79): CodeIgniter\CodeIgniter->run()
14 SYSTEMPATH\Commands\Server\rewrite.php(47): require_once('C:\\Xampp\\htdocs\\BentoGa\\web\\ci4\\public\\index.php')
