CRITICAL - 2024-03-27 06:52:53 --> ErrorException: Undefined variable $router
in APPPATH\Config\Routes.php on line 12.
 1 APPPATH\Config\Routes.php(12): CodeIgniter\Debug\Exceptions->errorHandler(2, 'Undefined variable $router', 'C:\\xampp1\\htdocs\\lab11_ci\\ci4\\app\\Config\\Routes.php', 12)
 2 SYSTEMPATH\Router\RouteCollection.php(345): require('C:\\xampp1\\htdocs\\lab11_ci\\ci4\\app\\Config\\Routes.php')
 3 SYSTEMPATH\CodeIgniter.php(810): CodeIgniter\Router\RouteCollection->loadRoutes()
 4 SYSTEMPATH\CodeIgniter.php(450): CodeIgniter\CodeIgniter->tryToRouteIt(null)
 5 SYSTEMPATH\CodeIgniter.php(361): CodeIgniter\CodeIgniter->handleRequest(null, Object(Config\Cache), false)
 6 FCPATH\index.php(79): CodeIgniter\CodeIgniter->run()
 7 SYSTEMPATH\Commands\Server\rewrite.php(47): require_once('C:\\xampp1\\htdocs\\lab11_ci\\ci4\\public\\index.php')
CRITICAL - 2024-03-27 06:53:57 --> ErrorException: Undefined variable $router
in APPPATH\Config\Routes.php on line 13.
 1 APPPATH\Config\Routes.php(13): CodeIgniter\Debug\Exceptions->errorHandler(2, 'Undefined variable $router', 'C:\\xampp1\\htdocs\\lab11_ci\\ci4\\app\\Config\\Routes.php', 13)
 2 SYSTEMPATH\Router\RouteCollection.php(345): require('C:\\xampp1\\htdocs\\lab11_ci\\ci4\\app\\Config\\Routes.php')
 3 SYSTEMPATH\CodeIgniter.php(810): CodeIgniter\Router\RouteCollection->loadRoutes()
 4 SYSTEMPATH\CodeIgniter.php(450): CodeIgniter\CodeIgniter->tryToRouteIt(null)
 5 SYSTEMPATH\CodeIgniter.php(361): CodeIgniter\CodeIgniter->handleRequest(null, Object(Config\Cache), false)
 6 FCPATH\index.php(79): CodeIgniter\CodeIgniter->run()
 7 SYSTEMPATH\Commands\Server\rewrite.php(47): require_once('C:\\xampp1\\htdocs\\lab11_ci\\ci4\\public\\index.php')
CRITICAL - 2024-03-27 06:54:18 --> ErrorException: Undefined variable $router
in APPPATH\Config\Routes.php on line 12.
 1 APPPATH\Config\Routes.php(12): CodeIgniter\Debug\Exceptions->errorHandler(2, 'Undefined variable $router', 'C:\\xampp1\\htdocs\\lab11_ci\\ci4\\app\\Config\\Routes.php', 12)
 2 SYSTEMPATH\Router\RouteCollection.php(345): require('C:\\xampp1\\htdocs\\lab11_ci\\ci4\\app\\Config\\Routes.php')
 3 SYSTEMPATH\CodeIgniter.php(810): CodeIgniter\Router\RouteCollection->loadRoutes()
 4 SYSTEMPATH\CodeIgniter.php(450): CodeIgniter\CodeIgniter->tryToRouteIt(null)
 5 SYSTEMPATH\CodeIgniter.php(361): CodeIgniter\CodeIgniter->handleRequest(null, Object(Config\Cache), false)
 6 FCPATH\index.php(79): CodeIgniter\CodeIgniter->run()
 7 SYSTEMPATH\Commands\Server\rewrite.php(47): require_once('C:\\xampp1\\htdocs\\lab11_ci\\ci4\\public\\index.php')
